<?xml version="1.0" encoding="UTF-8"?>
<!-- Generated by org.testng.reporters.JUnitReportReporter -->
<testsuite hostname="IM-LP-1238" failures="0" tests="1" name="com.crm.qa.testcases.ContactsPageTest" time="43.957" errors="0" timestamp="2024-04-08T16:57:46 IST" skipped="0">
  <testcase classname="com.crm.qa.testcases.ContactsPageTest" name="searchContactTest" time="43.957"/>
</testsuite> <!-- com.crm.qa.testcases.ContactsPageTest -->
