<?xml version="1.0" encoding="UTF-8"?>
<!-- Generated by org.testng.reporters.JUnitReportReporter -->
<testsuite hostname="IM-LP-1238" failures="0" tests="2" name="com.crm.qa.testcases.NewContactsPageTest" time="130.245" errors="0" timestamp="2024-04-09T00:27:00 IST" skipped="0">
  <testcase classname="com.crm.qa.testcases.NewContactsPageTest" name="createNewContacts" time="57.122"/>
  <testcase classname="com.crm.qa.testcases.NewContactsPageTest" name="createNewContacts" time="73.123"/>
</testsuite> <!-- com.crm.qa.testcases.NewContactsPageTest -->
