<?xml version="1.0" encoding="UTF-8"?>
<!-- Generated by org.testng.reporters.JUnitReportReporter -->
<testsuite hostname="IM-LP-1238" failures="0" tests="3" name="com.crm.qa.testcases.HomePageTest" time="118.947" errors="0" timestamp="2024-04-09T23:31:28 IST" skipped="0">
  <testcase classname="com.crm.qa.testcases.HomePageTest" name="homePageTitleTest" time="33.182"/>
  <testcase classname="com.crm.qa.testcases.HomePageTest" name="userNameLabelTest" time="36.440"/>
  <testcase classname="com.crm.qa.testcases.HomePageTest" name="contactsLinkTest" time="49.325"/>
</testsuite> <!-- com.crm.qa.testcases.HomePageTest -->
