<?xml version="1.0" encoding="UTF-8"?>
<!-- Generated by org.testng.reporters.JUnitReportReporter -->
<testsuite hostname="IM-LP-1238" failures="0" tests="4" name="com.crm.qa.testcases.LoginPageTest" time="86.094" errors="0" timestamp="2024-04-25T23:46:02 IST" skipped="0">
  <testcase classname="com.crm.qa.testcases.LoginPageTest" name="loginPageTitleTest" time="13.354"/>
  <system-out/>
  <testcase classname="com.crm.qa.testcases.LoginPageTest" name="crmImageTest" time="17.659"/>
  <system-out/>
  <testcase classname="com.crm.qa.testcases.LoginPageTest" name="signUpLinkTest" time="21.136"/>
  <system-out/>
  <testcase classname="com.crm.qa.testcases.LoginPageTest" name="loginTest" time="33.945"/>
  <system-out/>
</testsuite> <!-- com.crm.qa.testcases.LoginPageTest -->
