<?xml version="1.0" encoding="UTF-8"?>
<!-- Generated by org.testng.reporters.JUnitReportReporter -->
<testsuite hostname="IM-LP-1238" failures="0" tests="4" name="com.crm.qa.testcases.LoginPageTest" time="106.296" errors="0" timestamp="2024-04-25T23:48:44 IST" skipped="0">
  <testcase classname="com.crm.qa.testcases.LoginPageTest" name="loginPageTitleTest" time="19.533"/>
  <testcase classname="com.crm.qa.testcases.LoginPageTest" name="crmImageTest" time="17.093"/>
  <testcase classname="com.crm.qa.testcases.LoginPageTest" name="signUpLinkTest" time="21.802"/>
  <testcase classname="com.crm.qa.testcases.LoginPageTest" name="loginTest" time="47.868"/>
</testsuite> <!-- com.crm.qa.testcases.LoginPageTest -->
